<?xml version="1.0" encoding="UTF-8"?>
<!-- Generated by org.testng.reporters.JUnitXMLReporter -->
<testsuite ignored="0" hostname="MohanishGhate" failures="1" tests="3" name="Error Validations Test" time="33.679" errors="0" timestamp="2023-08-30T23:11:24 IST">
  <testcase classname="Framework.tests.ErrorValidationsTest" name="LoginErrorValidation" time="0.999">
    <skipped/>
  </testcase> <!-- LoginErrorValidation -->
  <testcase classname="Framework.tests.ErrorValidationsTest" name="LoginErrorValidation" time="1.008">
    <failure type="java.lang.AssertionError" message="expected [Incorrect email or password.] but found [Incorrect email  password.]">
      <![CDATA[java.lang.AssertionError: expected [Incorrect email or password.] but found [Incorrect email  password.]
at Framework.tests.ErrorValidationsTest.LoginErrorValidation(ErrorValidationsTest.java:33)
at java.base/java.util.ArrayList.forEach(ArrayList.java:1511)
at java.base/java.util.concurrent.FutureTask.run(FutureTask.java:264)
at java.base/java.util.concurrent.ThreadPoolExecutor.runWorker(ThreadPoolExecutor.java:1136)
at java.base/java.util.concurrent.ThreadPoolExecutor$Worker.run(ThreadPoolExecutor.java:635)
at java.base/java.lang.Thread.run(Thread.java:833)
... Removed 23 stack frames]]>
    </failure>
  </testcase> <!-- LoginErrorValidation -->
  <testcase classname="Framework.tests.ErrorValidationsTest" name="ProductErrorValidation" time="14.825"/>
</testsuite> <!-- Error Validations Test -->
